-------------------------------------------------------------------------------
Test set: com.example.AppTest
-------------------------------------------------------------------------------
Tests run: 1, Failures: 1, Errors: 0, Skipped: 0, Time elapsed: 23.868 s <<< FAILURE! - in com.example.AppTest
testCase1(com.example.AppTest)  Time elapsed: 17.48 s  <<< FAILURE!
java.lang.ArrayIndexOutOfBoundsException: Index 1 out of bounds for length 1
	at com.example.AppTest.testCase1(AppTest.java:88)

