<?xml version="1.0" encoding="UTF-8"?>
<!-- Generated by org.testng.reporters.JUnitXMLReporter -->
<testsuite ignored="0" hostname="Sasmita" failures="1" tests="1" name="Surefire test" time="23.036" errors="0" timestamp="2024-04-27T10:32:55 IST">
  <testcase classname="com.example.AppTest" name="testCase1" time="17.44">
    <failure type="java.lang.ArrayIndexOutOfBoundsException" message="Index 1 out of bounds for length 1">
      <![CDATA[java.lang.ArrayIndexOutOfBoundsException: Index 1 out of bounds for length 1
at com.example.AppTest.testCase1(AppTest.java:88)
at java.base/java.util.ArrayList.forEach(ArrayList.java:1511)
... Removed 32 stack frames]]>
    </failure>
  </testcase> <!-- testCase1 -->
</testsuite> <!-- Surefire test -->
